-------------------------------------------------------------------------------
Test set: TestSuite
-------------------------------------------------------------------------------
Tests run: 2, Failures: 1, Errors: 0, Skipped: 0, Time elapsed: 16.197 s <<< FAILURE! - in TestSuite
verifyTitleOfThePage(in.amazon.tests.HomepageTests)  Time elapsed: 0.7 s  <<< FAILURE!
java.lang.AssertionError: expected [Amazon Home Page] but found [Amazon.com: Online Shopping for Electronics, Apparel, Computers, Books, DVDs & more]
	at in.amazon.tests.HomepageTests.verifyTitleOfThePage(HomepageTests.java:28)

