<?xml version="1.0" encoding="UTF-8"?>
<!-- Generated by org.testng.reporters.JUnitXMLReporter -->
<testsuite hostname="DESKTOP-35TQI72" ignored="0" name="HomePageTest" tests="2" failures="1" timestamp="20 Aug 2019 16:50:22 GMT" time="14.405" errors="0">
  <testcase name="verifyTitleOfThePage" time="0.704" classname="in.amazon.tests.HomepageTests">
    <failure type="java.lang.AssertionError" message="expected [Amazon Home Page] but found [Amazon.com: Online Shopping for Electronics, Apparel, Computers, Books, DVDs &amp;amp; more]">
      <![CDATA[java.lang.AssertionError: expected [Amazon Home Page] but found [Amazon.com: Online Shopping for Electronics, Apparel, Computers, Books, DVDs & more]
at in.amazon.tests.HomepageTests.verifyTitleOfThePage(HomepageTests.java:28)
... Removed 35 stack frames]]>
    </failure>
  </testcase> <!-- verifyTitleOfThePage -->
  <testcase name="verifyProductsearch" time="3.53" classname="in.amazon.tests.HomepageTests"/>
</testsuite> <!-- HomePageTest -->
